This file contains any messages produced by compilers while
running configure, to aid debugging if configure makes a mistake.

It was created by snes9x-gtk configure 1.53, which was
generated by GNU Autoconf 2.68.  Invocation command line was

  $ ./configure --without-opengl --without-xv --without-xrandr

## --------- ##
## Platform. ##
## --------- ##

hostname = tjw-pc
uname -m = x86_64
uname -r = 3.2.0-30-generic
uname -s = Linux
uname -v = #48-Ubuntu SMP Fri Aug 24 16:52:48 UTC 2012

/usr/bin/uname -p = unknown
/bin/uname -X     = unknown

/bin/arch              = unknown
/usr/bin/arch -k       = unknown
/usr/convex/getsysinfo = unknown
/usr/bin/hostinfo      = unknown
/bin/machine           = unknown
/usr/bin/oslevel       = unknown
/bin/universe          = unknown

PATH: /home/tjw/bin
PATH: /usr/local/bin
PATH: /usr/bin
PATH: /bin
PATH: /usr/games
PATH: /usr/local/lib/FSharpPowerPack-2.0.0/bin
PATH: /home/tjw/src/emscripten/


## ----------- ##
## Core tests. ##
## ----------- ##

configure:2423: checking for gcc
configure:2439: found /usr/bin/gcc
configure:2450: result: gcc
configure:2679: checking for C compiler version
configure:2688: gcc --version >&5
gcc (Ubuntu/Linaro 4.6.3-1ubuntu5) 4.6.3
Copyright (C) 2011 Free Software Foundation, Inc.
This is free software; see the source for copying conditions.  There is NO
warranty; not even for MERCHANTABILITY or FITNESS FOR A PARTICULAR PURPOSE.

configure:2699: $? = 0
configure:2688: gcc -v >&5
Using built-in specs.
COLLECT_GCC=gcc
COLLECT_LTO_WRAPPER=/usr/lib/gcc/x86_64-linux-gnu/4.6/lto-wrapper
Target: x86_64-linux-gnu
Configured with: ../src/configure -v --with-pkgversion='Ubuntu/Linaro 4.6.3-1ubuntu5' --with-bugurl=file:///usr/share/doc/gcc-4.6/README.Bugs --enable-languages=c,c++,fortran,objc,obj-c++ --prefix=/usr --program-suffix=-4.6 --enable-shared --enable-linker-build-id --with-system-zlib --libexecdir=/usr/lib --without-included-gettext --enable-threads=posix --with-gxx-include-dir=/usr/include/c++/4.6 --libdir=/usr/lib --enable-nls --with-sysroot=/ --enable-clocale=gnu --enable-libstdcxx-debug --enable-libstdcxx-time=yes --enable-gnu-unique-object --enable-plugin --enable-objc-gc --disable-werror --with-arch-32=i686 --with-tune=generic --enable-checking=release --build=x86_64-linux-gnu --host=x86_64-linux-gnu --target=x86_64-linux-gnu
Thread model: posix
gcc version 4.6.3 (Ubuntu/Linaro 4.6.3-1ubuntu5) 
configure:2699: $? = 0
configure:2688: gcc -V >&5
gcc: error: unrecognized option '-V'
gcc: fatal error: no input files
compilation terminated.
configure:2699: $? = 4
configure:2688: gcc -qversion >&5
gcc: error: unrecognized option '-qversion'
gcc: fatal error: no input files
compilation terminated.
configure:2699: $? = 4
configure:2719: checking whether the C compiler works
configure:2741: gcc -Os -pipe -Wall -W -pedantic -Wno-unused-parameter   conftest.c  >&5
configure:2745: $? = 0
configure:2793: result: yes
configure:2796: checking for C compiler default output file name
configure:2798: result: a.out
configure:2804: checking for suffix of executables
configure:2811: gcc -o conftest -Os -pipe -Wall -W -pedantic -Wno-unused-parameter   conftest.c  >&5
configure:2815: $? = 0
configure:2837: result: 
configure:2859: checking whether we are cross compiling
configure:2867: gcc -o conftest -Os -pipe -Wall -W -pedantic -Wno-unused-parameter   conftest.c  >&5
configure:2871: $? = 0
configure:2878: ./conftest
configure:2882: $? = 0
configure:2897: result: no
configure:2902: checking for suffix of object files
configure:2924: gcc -c -Os -pipe -Wall -W -pedantic -Wno-unused-parameter  conftest.c >&5
configure:2928: $? = 0
configure:2949: result: o
configure:2953: checking whether we are using the GNU C compiler
configure:2972: gcc -c -Os -pipe -Wall -W -pedantic -Wno-unused-parameter  conftest.c >&5
configure:2972: $? = 0
configure:2981: result: yes
configure:2990: checking whether gcc accepts -g
configure:3010: gcc -c -g  conftest.c >&5
configure:3010: $? = 0
configure:3051: result: yes
configure:3068: checking for gcc option to accept ISO C89
configure:3132: gcc  -c -Os -pipe -Wall -W -pedantic -Wno-unused-parameter  conftest.c >&5
configure:3132: $? = 0
configure:3145: result: none needed
configure:3223: checking for g++
configure:3239: found /usr/bin/g++
configure:3250: result: g++
configure:3277: checking for C++ compiler version
configure:3286: g++ --version >&5
g++ (Ubuntu/Linaro 4.6.3-1ubuntu5) 4.6.3
Copyright (C) 2011 Free Software Foundation, Inc.
This is free software; see the source for copying conditions.  There is NO
warranty; not even for MERCHANTABILITY or FITNESS FOR A PARTICULAR PURPOSE.

configure:3297: $? = 0
configure:3286: g++ -v >&5
Using built-in specs.
COLLECT_GCC=g++
COLLECT_LTO_WRAPPER=/usr/lib/gcc/x86_64-linux-gnu/4.6/lto-wrapper
Target: x86_64-linux-gnu
Configured with: ../src/configure -v --with-pkgversion='Ubuntu/Linaro 4.6.3-1ubuntu5' --with-bugurl=file:///usr/share/doc/gcc-4.6/README.Bugs --enable-languages=c,c++,fortran,objc,obj-c++ --prefix=/usr --program-suffix=-4.6 --enable-shared --enable-linker-build-id --with-system-zlib --libexecdir=/usr/lib --without-included-gettext --enable-threads=posix --with-gxx-include-dir=/usr/include/c++/4.6 --libdir=/usr/lib --enable-nls --with-sysroot=/ --enable-clocale=gnu --enable-libstdcxx-debug --enable-libstdcxx-time=yes --enable-gnu-unique-object --enable-plugin --enable-objc-gc --disable-werror --with-arch-32=i686 --with-tune=generic --enable-checking=release --build=x86_64-linux-gnu --host=x86_64-linux-gnu --target=x86_64-linux-gnu
Thread model: posix
gcc version 4.6.3 (Ubuntu/Linaro 4.6.3-1ubuntu5) 
configure:3297: $? = 0
configure:3286: g++ -V >&5
g++: error: unrecognized option '-V'
g++: fatal error: no input files
compilation terminated.
configure:3297: $? = 4
configure:3286: g++ -qversion >&5
g++: error: unrecognized option '-qversion'
g++: fatal error: no input files
compilation terminated.
configure:3297: $? = 4
configure:3301: checking whether we are using the GNU C++ compiler
configure:3320: g++ -c -Os -pipe -Wall -W -pedantic -Wno-unused-parameter  conftest.cpp >&5
configure:3320: $? = 0
configure:3329: result: yes
configure:3338: checking whether g++ accepts -g
configure:3358: g++ -c -g  conftest.cpp >&5
configure:3358: $? = 0
configure:3399: result: yes
configure:3465: checking for ranlib
configure:3481: found /usr/bin/ranlib
configure:3492: result: ranlib
configure:3564: checking for a BSD-compatible install
configure:3632: result: /usr/bin/install -c
configure:3645: checking whether build environment is sane
configure:3695: result: yes
configure:3836: checking for a thread-safe mkdir -p
configure:3875: result: /bin/mkdir -p
configure:3888: checking for gawk
configure:3904: found /usr/bin/gawk
configure:3915: result: gawk
configure:3926: checking whether make sets $(MAKE)
configure:3948: result: yes
configure:3978: checking for style of include used by make
configure:4006: result: GNU
configure:4091: checking dependency style of gcc
configure:4201: result: gcc3
configure:4218: checking dependency style of g++
configure:4328: result: gcc3
configure:4359: checking whether gcc and cc understand -c and -o together
configure:4390: gcc -c conftest.cpp -o conftest2.o >&5
configure:4394: $? = 0
configure:4400: gcc -c conftest.cpp -o conftest2.o >&5
configure:4404: $? = 0
configure:4415: cc -c conftest.cpp >&5
configure:4419: $? = 0
configure:4427: cc -c conftest.cpp -o conftest2.o >&5
configure:4431: $? = 0
configure:4437: cc -c conftest.cpp -o conftest2.o >&5
configure:4441: $? = 0
configure:4459: result: yes
configure:4485: checking whether NLS is requested
configure:4494: result: yes
configure:4510: checking for intltool >= 0.37.0
configure:4517: result: 0.50.2 found
configure:4525: checking for intltool-update
configure:4543: found /usr/bin/intltool-update
configure:4555: result: /usr/bin/intltool-update
configure:4565: checking for intltool-merge
configure:4583: found /usr/bin/intltool-merge
configure:4595: result: /usr/bin/intltool-merge
configure:4605: checking for intltool-extract
configure:4623: found /usr/bin/intltool-extract
configure:4635: result: /usr/bin/intltool-extract
configure:4766: checking for xgettext
configure:4784: found /usr/bin/xgettext
configure:4796: result: /usr/bin/xgettext
configure:4806: checking for msgmerge
configure:4824: found /usr/bin/msgmerge
configure:4836: result: /usr/bin/msgmerge
configure:4846: checking for msgfmt
configure:4864: found /usr/bin/msgfmt
configure:4876: result: /usr/bin/msgfmt
configure:4886: checking for gmsgfmt
configure:4917: result: /usr/bin/msgfmt
configure:4937: checking for perl
configure:4955: found /usr/bin/perl
configure:4967: result: /usr/bin/perl
configure:4978: checking for perl >= 5.8.1
configure:4985: result: 5.14.2
configure:4989: checking for XML::Parser
configure:4992: result: ok
configure:5017: g++ -o conftest -Os -pipe -Wall -W -pedantic -Wno-unused-parameter   conftest.cpp  >&5
configure:5017: $? = 0
configure:5055: checking how to run the C++ preprocessor
configure:5082: g++ -E  conftest.cpp
configure:5082: $? = 0
configure:5096: g++ -E  conftest.cpp
conftest.cpp:12:28: fatal error: ac_nonexistent.h: No such file or directory
compilation terminated.
configure:5096: $? = 1
configure: failed program was:
| /* confdefs.h */
| #define PACKAGE_NAME "snes9x-gtk"
| #define PACKAGE_TARNAME "snes9x-gtk"
| #define PACKAGE_VERSION "1.53"
| #define PACKAGE_STRING "snes9x-gtk 1.53"
| #define PACKAGE_BUGREPORT ""
| #define PACKAGE_URL ""
| #define PACKAGE "snes9x-gtk"
| #define VERSION "1.53"
| #define GETTEXT_PACKAGE "snes9x-gtk"
| /* end confdefs.h.  */
| #include <ac_nonexistent.h>
configure:5121: result: g++ -E
configure:5141: g++ -E  conftest.cpp
configure:5141: $? = 0
configure:5155: g++ -E  conftest.cpp
conftest.cpp:12:28: fatal error: ac_nonexistent.h: No such file or directory
compilation terminated.
configure:5155: $? = 1
configure: failed program was:
| /* confdefs.h */
| #define PACKAGE_NAME "snes9x-gtk"
| #define PACKAGE_TARNAME "snes9x-gtk"
| #define PACKAGE_VERSION "1.53"
| #define PACKAGE_STRING "snes9x-gtk 1.53"
| #define PACKAGE_BUGREPORT ""
| #define PACKAGE_URL ""
| #define PACKAGE "snes9x-gtk"
| #define VERSION "1.53"
| #define GETTEXT_PACKAGE "snes9x-gtk"
| /* end confdefs.h.  */
| #include <ac_nonexistent.h>
configure:5184: checking for grep that handles long lines and -e
configure:5242: result: /bin/grep
configure:5247: checking for egrep
configure:5309: result: /bin/grep -E
configure:5314: checking for ANSI C header files
configure:5334: g++ -c -Os -pipe -Wall -W -pedantic -Wno-unused-parameter  conftest.cpp >&5
configure:5334: $? = 0
configure:5407: g++ -o conftest -Os -pipe -Wall -W -pedantic -Wno-unused-parameter   conftest.cpp  >&5
configure:5407: $? = 0
configure:5407: ./conftest
configure:5407: $? = 0
configure:5418: result: yes
configure:5431: checking for sys/types.h
configure:5431: g++ -c -Os -pipe -Wall -W -pedantic -Wno-unused-parameter  conftest.cpp >&5
configure:5431: $? = 0
configure:5431: result: yes
configure:5431: checking for sys/stat.h
configure:5431: g++ -c -Os -pipe -Wall -W -pedantic -Wno-unused-parameter  conftest.cpp >&5
configure:5431: $? = 0
configure:5431: result: yes
configure:5431: checking for stdlib.h
configure:5431: g++ -c -Os -pipe -Wall -W -pedantic -Wno-unused-parameter  conftest.cpp >&5
configure:5431: $? = 0
configure:5431: result: yes
configure:5431: checking for string.h
configure:5431: g++ -c -Os -pipe -Wall -W -pedantic -Wno-unused-parameter  conftest.cpp >&5
configure:5431: $? = 0
configure:5431: result: yes
configure:5431: checking for memory.h
configure:5431: g++ -c -Os -pipe -Wall -W -pedantic -Wno-unused-parameter  conftest.cpp >&5
configure:5431: $? = 0
configure:5431: result: yes
configure:5431: checking for strings.h
configure:5431: g++ -c -Os -pipe -Wall -W -pedantic -Wno-unused-parameter  conftest.cpp >&5
configure:5431: $? = 0
configure:5431: result: yes
configure:5431: checking for inttypes.h
configure:5431: g++ -c -Os -pipe -Wall -W -pedantic -Wno-unused-parameter  conftest.cpp >&5
configure:5431: $? = 0
configure:5431: result: yes
configure:5431: checking for stdint.h
configure:5431: g++ -c -Os -pipe -Wall -W -pedantic -Wno-unused-parameter  conftest.cpp >&5
configure:5431: $? = 0
configure:5431: result: yes
configure:5431: checking for unistd.h
configure:5431: g++ -c -Os -pipe -Wall -W -pedantic -Wno-unused-parameter  conftest.cpp >&5
configure:5431: $? = 0
configure:5431: result: yes
configure:5446: checking locale.h usability
configure:5446: g++ -c -Os -pipe -Wall -W -pedantic -Wno-unused-parameter  conftest.cpp >&5
configure:5446: $? = 0
configure:5446: result: yes
configure:5446: checking locale.h presence
configure:5446: g++ -E  conftest.cpp
configure:5446: $? = 0
configure:5446: result: yes
configure:5446: checking for locale.h
configure:5446: result: yes
configure:5457: checking for LC_MESSAGES
configure:5473: g++ -o conftest -Os -pipe -Wall -W -pedantic -Wno-unused-parameter   conftest.cpp  >&5
configure:5473: $? = 0
configure:5481: result: yes
configure:5498: checking libintl.h usability
configure:5498: g++ -c -Os -pipe -Wall -W -pedantic -Wno-unused-parameter  conftest.cpp >&5
configure:5498: $? = 0
configure:5498: result: yes
configure:5498: checking libintl.h presence
configure:5498: g++ -E  conftest.cpp
configure:5498: $? = 0
configure:5498: result: yes
configure:5498: checking for libintl.h
configure:5498: result: yes
configure:5506: checking for ngettext in libc
configure:5524: g++ -o conftest -Os -pipe -Wall -W -pedantic -Wno-unused-parameter   conftest.cpp  >&5
configure:5524: $? = 0
configure:5533: result: yes
configure:5537: checking for dgettext in libc
configure:5555: g++ -o conftest -Os -pipe -Wall -W -pedantic -Wno-unused-parameter   conftest.cpp  >&5
configure:5555: $? = 0
configure:5564: result: yes
configure:5571: checking for bind_textdomain_codeset
configure:5571: g++ -o conftest -Os -pipe -Wall -W -pedantic -Wno-unused-parameter   conftest.cpp  >&5
configure:5571: $? = 0
configure:5571: result: yes
configure:5847: checking for msgfmt
configure:5874: result: /usr/bin/msgfmt
configure:5885: checking for dcgettext
configure:5885: g++ -o conftest -Os -pipe -Wall -W -pedantic -Wno-unused-parameter   conftest.cpp   >&5
configure:5885: $? = 0
configure:5885: result: yes
configure:5895: checking if msgfmt accepts -c
configure:5910: $MSGFMT -c -o /dev/null conftest.foo
configure:5913: $? = 0
configure:5915: result: yes
configure:5925: checking for gmsgfmt
configure:5956: result: /usr/bin/msgfmt
configure:5966: checking for xgettext
configure:5993: result: /usr/bin/xgettext
configure:6012: g++ -o conftest -Os -pipe -Wall -W -pedantic -Wno-unused-parameter   conftest.cpp   >&5
configure:6012: $? = 0
configure:6405: checking for pkg-config
configure:6423: found /usr/bin/pkg-config
configure:6435: result: /usr/bin/pkg-config
configure:6460: checking pkg-config is at least version 0.9.0
configure:6463: result: yes
configure:6473: checking for GTK
configure:6480: $PKG_CONFIG --exists --print-errors ""$GTK_VERSION""
configure:6483: $? = 0
configure:6496: $PKG_CONFIG --exists --print-errors ""$GTK_VERSION""
configure:6499: $? = 0
configure:6556: result: yes
configure:6562: checking for GLIB
configure:6569: $PKG_CONFIG --exists --print-errors "gthread-2.0 >= 2.6 gobject-2.0 >= 2.6"
configure:6572: $? = 0
configure:6585: $PKG_CONFIG --exists --print-errors "gthread-2.0 >= 2.6 gobject-2.0 >= 2.6"
configure:6588: $? = 0
configure:6645: result: yes
configure:6651: checking for LIBXML
configure:6658: $PKG_CONFIG --exists --print-errors "libxml-2.0 >= 2.0"
configure:6661: $? = 0
configure:6674: $PKG_CONFIG --exists --print-errors "libxml-2.0 >= 2.0"
configure:6677: $? = 0
configure:6734: result: yes
configure:6797: checking for SDL
configure:6804: $PKG_CONFIG --exists --print-errors "sdl"
configure:6807: $? = 0
configure:6820: $PKG_CONFIG --exists --print-errors "sdl"
configure:6823: $? = 0
configure:6954: result: yes
configure:7053: checking for PORTAUDIO
configure:7060: $PKG_CONFIG --exists --print-errors "portaudio-2.0 >= 10"
Package portaudio-2.0 was not found in the pkg-config search path.
Perhaps you should add the directory containing `portaudio-2.0.pc'
to the PKG_CONFIG_PATH environment variable
No package 'portaudio-2.0' found
configure:7063: $? = 1
configure:7076: $PKG_CONFIG --exists --print-errors "portaudio-2.0 >= 10"
Package portaudio-2.0 was not found in the pkg-config search path.
Perhaps you should add the directory containing `portaudio-2.0.pc'
to the PKG_CONFIG_PATH environment variable
No package 'portaudio-2.0' found
configure:7079: $? = 1
configure:7092: result: no
No package 'portaudio-2.0' found
configure:7134: checking sys/soundcard.h usability
configure:7134: g++ -c -Os -pipe -Wall -W -pedantic -Wno-unused-parameter  conftest.cpp >&5
configure:7134: $? = 0
configure:7134: result: yes
configure:7134: checking sys/soundcard.h presence
configure:7134: g++ -E  conftest.cpp
configure:7134: $? = 0
configure:7134: result: yes
configure:7134: checking for sys/soundcard.h
configure:7134: result: yes
configure:7157: checking for ALSA
configure:7164: $PKG_CONFIG --exists --print-errors "alsa"
configure:7167: $? = 0
configure:7180: $PKG_CONFIG --exists --print-errors "alsa"
configure:7183: $? = 0
configure:7226: result: yes
configure:7241: checking for PULSEAUDIO
configure:7248: $PKG_CONFIG --exists --print-errors "libpulse-simple"
configure:7251: $? = 0
configure:7264: $PKG_CONFIG --exists --print-errors "libpulse-simple"
configure:7267: $? = 0
configure:7310: result: yes
configure:7408: checking for LIBPNG
configure:7415: $PKG_CONFIG --exists --print-errors "libpng"
configure:7418: $? = 0
configure:7431: $PKG_CONFIG --exists --print-errors "libpng"
configure:7434: $? = 0
configure:7477: result: yes
configure:7532: checking zlib.h usability
configure:7532: g++ -c -Os -pipe -Wall -W -pedantic -Wno-unused-parameter  conftest.cpp >&5
configure:7532: $? = 0
configure:7532: result: yes
configure:7532: checking zlib.h presence
configure:7532: g++ -E  conftest.cpp
configure:7532: $? = 0
configure:7532: result: yes
configure:7532: checking for zlib.h
configure:7532: result: yes
configure:7542: checking for gzread in -lz
configure:7567: g++ -o conftest -Os -pipe -Wall -W -pedantic -Wno-unused-parameter   conftest.cpp -lz   -lX11 -ldl -lXext -lgtk-x11-2.0 -lgdk-x11-2.0 -latk-1.0 -lgio-2.0 -lpangoft2-1.0 -lpangocairo-1.0 -lgdk_pixbuf-2.0 -lcairo -lpango-1.0 -lfreetype -lfontconfig -lgobject-2.0 -lglib-2.0   -pthread -lgthread-2.0 -lrt -lgobject-2.0 -lglib-2.0   -lxml2    -lpng12   -lSDL     -lasound   -lpulse-simple -lpulse   >&5
configure:7567: $? = 0
configure:7576: result: yes
configure:7587: checking for mkstemp
configure:7587: g++ -o conftest -Os -pipe -Wall -W -pedantic -Wno-unused-parameter   conftest.cpp  -lX11 -ldl -lXext -lgtk-x11-2.0 -lgdk-x11-2.0 -latk-1.0 -lgio-2.0 -lpangoft2-1.0 -lpangocairo-1.0 -lgdk_pixbuf-2.0 -lcairo -lpango-1.0 -lfreetype -lfontconfig -lgobject-2.0 -lglib-2.0   -pthread -lgthread-2.0 -lrt -lgobject-2.0 -lglib-2.0   -lxml2    -lpng12   -lSDL     -lasound   -lpulse-simple -lpulse   -lz >&5
configure:7587: $? = 0
configure:7587: result: yes
configure:7596: checking for strings.h
configure:7596: result: yes
configure:7605: checking sys/ioctl.h usability
configure:7605: g++ -c -Os -pipe -Wall -W -pedantic -Wno-unused-parameter  conftest.cpp >&5
configure:7605: $? = 0
configure:7605: result: yes
configure:7605: checking sys/ioctl.h presence
configure:7605: g++ -E  conftest.cpp
configure:7605: $? = 0
configure:7605: result: yes
configure:7605: checking for sys/ioctl.h
configure:7605: result: yes
configure:7614: checking for stdint.h
configure:7614: result: yes
configure:7627: checking if sizeof(void *) == sizeof(int)
configure:7644: g++ -o conftest -Os -pipe -Wall -W -pedantic -Wno-unused-parameter   conftest.cpp  -lX11 -ldl -lXext -lgtk-x11-2.0 -lgdk-x11-2.0 -latk-1.0 -lgio-2.0 -lpangoft2-1.0 -lpangocairo-1.0 -lgdk_pixbuf-2.0 -lcairo -lpango-1.0 -lfreetype -lfontconfig -lgobject-2.0 -lglib-2.0   -pthread -lgthread-2.0 -lrt -lgobject-2.0 -lglib-2.0   -lxml2    -lpng12   -lSDL     -lasound   -lpulse-simple -lpulse   -lz >&5
configure:7644: $? = 0
configure:7644: ./conftest
configure:7644: $? = 1
configure: program exited with status 1
configure: failed program was:
| /* confdefs.h */
| #define PACKAGE_NAME "snes9x-gtk"
| #define PACKAGE_TARNAME "snes9x-gtk"
| #define PACKAGE_VERSION "1.53"
| #define PACKAGE_STRING "snes9x-gtk 1.53"
| #define PACKAGE_BUGREPORT ""
| #define PACKAGE_URL ""
| #define PACKAGE "snes9x-gtk"
| #define VERSION "1.53"
| #define GETTEXT_PACKAGE "snes9x-gtk"
| #define STDC_HEADERS 1
| #define HAVE_SYS_TYPES_H 1
| #define HAVE_SYS_STAT_H 1
| #define HAVE_STDLIB_H 1
| #define HAVE_STRING_H 1
| #define HAVE_MEMORY_H 1
| #define HAVE_STRINGS_H 1
| #define HAVE_INTTYPES_H 1
| #define HAVE_STDINT_H 1
| #define HAVE_UNISTD_H 1
| #define HAVE_LOCALE_H 1
| #define HAVE_LC_MESSAGES 1
| #define HAVE_BIND_TEXTDOMAIN_CODESET 1
| #define HAVE_GETTEXT 1
| #define HAVE_DCGETTEXT 1
| #define ENABLE_NLS 1
| #define HAVE_ZLIB_H 1
| /* end confdefs.h.  */
| 
|   int main()
|   {
|    return(!(sizeof(void *) == sizeof(int)));
|   }
| 
configure:7655: result: no
configure:7661: checking if rightshift int8 is arithmetic
configure:7684: g++ -o conftest -Os -pipe -Wall -W -pedantic -Wno-unused-parameter   conftest.cpp  -lX11 -ldl -lXext -lgtk-x11-2.0 -lgdk-x11-2.0 -latk-1.0 -lgio-2.0 -lpangoft2-1.0 -lpangocairo-1.0 -lgdk_pixbuf-2.0 -lcairo -lpango-1.0 -lfreetype -lfontconfig -lgobject-2.0 -lglib-2.0   -pthread -lgthread-2.0 -lrt -lgobject-2.0 -lglib-2.0   -lxml2    -lpng12   -lSDL     -lasound   -lpulse-simple -lpulse   -lz >&5
configure:7684: $? = 0
configure:7684: ./conftest
configure:7684: $? = 0
configure:7702: result: yes
configure:7707: checking if rightshift int16 is arithmetic
configure:7730: g++ -o conftest -Os -pipe -Wall -W -pedantic -Wno-unused-parameter   conftest.cpp  -lX11 -ldl -lXext -lgtk-x11-2.0 -lgdk-x11-2.0 -latk-1.0 -lgio-2.0 -lpangoft2-1.0 -lpangocairo-1.0 -lgdk_pixbuf-2.0 -lcairo -lpango-1.0 -lfreetype -lfontconfig -lgobject-2.0 -lglib-2.0   -pthread -lgthread-2.0 -lrt -lgobject-2.0 -lglib-2.0   -lxml2    -lpng12   -lSDL     -lasound   -lpulse-simple -lpulse   -lz >&5
configure:7730: $? = 0
configure:7730: ./conftest
configure:7730: $? = 0
configure:7748: result: yes
configure:7753: checking if rightshift int32 is arithmetic
configure:7776: g++ -o conftest -Os -pipe -Wall -W -pedantic -Wno-unused-parameter   conftest.cpp  -lX11 -ldl -lXext -lgtk-x11-2.0 -lgdk-x11-2.0 -latk-1.0 -lgio-2.0 -lpangoft2-1.0 -lpangocairo-1.0 -lgdk_pixbuf-2.0 -lcairo -lpango-1.0 -lfreetype -lfontconfig -lgobject-2.0 -lglib-2.0   -pthread -lgthread-2.0 -lrt -lgobject-2.0 -lglib-2.0   -lxml2    -lpng12   -lSDL     -lasound   -lpulse-simple -lpulse   -lz >&5
configure:7776: $? = 0
configure:7776: ./conftest
configure:7776: $? = 0
configure:7794: result: yes
configure:7799: checking if rightshift int64 is arithmetic
configure:7822: g++ -o conftest -Os -pipe -Wall -W -pedantic -Wno-unused-parameter   conftest.cpp  -lX11 -ldl -lXext -lgtk-x11-2.0 -lgdk-x11-2.0 -latk-1.0 -lgio-2.0 -lpangoft2-1.0 -lpangocairo-1.0 -lgdk_pixbuf-2.0 -lcairo -lpango-1.0 -lfreetype -lfontconfig -lgobject-2.0 -lglib-2.0   -pthread -lgthread-2.0 -lrt -lgobject-2.0 -lglib-2.0   -lxml2    -lpng12   -lSDL     -lasound   -lpulse-simple -lpulse   -lz >&5
configure:7822: $? = 0
configure:7822: ./conftest
configure:7822: $? = 0
configure:7840: result: yes
configure:8217: creating ./config.status

## ---------------------- ##
## Running config.status. ##
## ---------------------- ##

This file was extended by snes9x-gtk config.status 1.53, which was
generated by GNU Autoconf 2.68.  Invocation command line was

  CONFIG_FILES    = 
  CONFIG_HEADERS  = 
  CONFIG_LINKS    = 
  CONFIG_COMMANDS = 
  $ ./config.status 

on tjw-pc

config.status:933: creating Makefile
config.status:933: creating data/Makefile
config.status:933: creating po/Makefile.in
config.status:1105: executing depfiles commands
config.status:1105: executing default-1 commands
config.status:1105: executing po/stamp-it commands

## ---------------- ##
## Cache variables. ##
## ---------------- ##

ac_cv_c_compiler_gnu=yes
ac_cv_cxx_compiler_gnu=yes
ac_cv_env_ALSA_CFLAGS_set=
ac_cv_env_ALSA_CFLAGS_value=
ac_cv_env_ALSA_LIBS_set=
ac_cv_env_ALSA_LIBS_value=
ac_cv_env_CCC_set=
ac_cv_env_CCC_value=
ac_cv_env_CC_set=
ac_cv_env_CC_value=
ac_cv_env_CFLAGS_set=
ac_cv_env_CFLAGS_value=
ac_cv_env_CPPFLAGS_set=
ac_cv_env_CPPFLAGS_value=
ac_cv_env_CXXCPP_set=
ac_cv_env_CXXCPP_value=
ac_cv_env_CXXFLAGS_set=
ac_cv_env_CXXFLAGS_value=
ac_cv_env_CXX_set=
ac_cv_env_CXX_value=
ac_cv_env_GLIB_CFLAGS_set=
ac_cv_env_GLIB_CFLAGS_value=
ac_cv_env_GLIB_LIBS_set=
ac_cv_env_GLIB_LIBS_value=
ac_cv_env_GTK_CFLAGS_set=
ac_cv_env_GTK_CFLAGS_value=
ac_cv_env_GTK_LIBS_set=
ac_cv_env_GTK_LIBS_value=
ac_cv_env_LDFLAGS_set=
ac_cv_env_LDFLAGS_value=
ac_cv_env_LIBPNG_CFLAGS_set=
ac_cv_env_LIBPNG_CFLAGS_value=
ac_cv_env_LIBPNG_LIBS_set=
ac_cv_env_LIBPNG_LIBS_value=
ac_cv_env_LIBS_set=
ac_cv_env_LIBS_value=
ac_cv_env_LIBXML_CFLAGS_set=
ac_cv_env_LIBXML_CFLAGS_value=
ac_cv_env_LIBXML_LIBS_set=
ac_cv_env_LIBXML_LIBS_value=
ac_cv_env_PKG_CONFIG_LIBDIR_set=
ac_cv_env_PKG_CONFIG_LIBDIR_value=
ac_cv_env_PKG_CONFIG_PATH_set=
ac_cv_env_PKG_CONFIG_PATH_value=
ac_cv_env_PKG_CONFIG_set=
ac_cv_env_PKG_CONFIG_value=
ac_cv_env_PORTAUDIO_CFLAGS_set=
ac_cv_env_PORTAUDIO_CFLAGS_value=
ac_cv_env_PORTAUDIO_LIBS_set=
ac_cv_env_PORTAUDIO_LIBS_value=
ac_cv_env_PULSEAUDIO_CFLAGS_set=
ac_cv_env_PULSEAUDIO_CFLAGS_value=
ac_cv_env_PULSEAUDIO_LIBS_set=
ac_cv_env_PULSEAUDIO_LIBS_value=
ac_cv_env_SDL_CFLAGS_set=
ac_cv_env_SDL_CFLAGS_value=
ac_cv_env_SDL_LIBS_set=
ac_cv_env_SDL_LIBS_value=
ac_cv_env_XRANDR_CFLAGS_set=
ac_cv_env_XRANDR_CFLAGS_value=
ac_cv_env_XRANDR_LIBS_set=
ac_cv_env_XRANDR_LIBS_value=
ac_cv_env_XV_CFLAGS_set=
ac_cv_env_XV_CFLAGS_value=
ac_cv_env_XV_LIBS_set=
ac_cv_env_XV_LIBS_value=
ac_cv_env_build_alias_set=
ac_cv_env_build_alias_value=
ac_cv_env_host_alias_set=
ac_cv_env_host_alias_value=
ac_cv_env_target_alias_set=
ac_cv_env_target_alias_value=
ac_cv_func_bind_textdomain_codeset=yes
ac_cv_func_dcgettext=yes
ac_cv_func_mkstemp=yes
ac_cv_header_inttypes_h=yes
ac_cv_header_libintl_h=yes
ac_cv_header_locale_h=yes
ac_cv_header_memory_h=yes
ac_cv_header_stdc=yes
ac_cv_header_stdint_h=yes
ac_cv_header_stdlib_h=yes
ac_cv_header_string_h=yes
ac_cv_header_strings_h=yes
ac_cv_header_sys_ioctl_h=yes
ac_cv_header_sys_soundcard_h=yes
ac_cv_header_sys_stat_h=yes
ac_cv_header_sys_types_h=yes
ac_cv_header_unistd_h=yes
ac_cv_header_zlib_h=yes
ac_cv_lib_z_gzread=yes
ac_cv_my_sar_int16=yes
ac_cv_my_sar_int32=yes
ac_cv_my_sar_int64=yes
ac_cv_my_sar_int8=yes
ac_cv_objext=o
ac_cv_path_EGREP='/bin/grep -E'
ac_cv_path_GMSGFMT=/usr/bin/msgfmt
ac_cv_path_GREP=/bin/grep
ac_cv_path_INTLTOOL_EXTRACT=/usr/bin/intltool-extract
ac_cv_path_INTLTOOL_MERGE=/usr/bin/intltool-merge
ac_cv_path_INTLTOOL_PERL=/usr/bin/perl
ac_cv_path_INTLTOOL_UPDATE=/usr/bin/intltool-update
ac_cv_path_MSGFMT=/usr/bin/msgfmt
ac_cv_path_MSGMERGE=/usr/bin/msgmerge
ac_cv_path_XGETTEXT=/usr/bin/xgettext
ac_cv_path_ac_pt_PKG_CONFIG=/usr/bin/pkg-config
ac_cv_path_install='/usr/bin/install -c'
ac_cv_path_mkdir=/bin/mkdir
ac_cv_prog_AWK=gawk
ac_cv_prog_CXXCPP='g++ -E'
ac_cv_prog_ac_ct_CC=gcc
ac_cv_prog_ac_ct_CXX=g++
ac_cv_prog_ac_ct_RANLIB=ranlib
ac_cv_prog_cc_c89=
ac_cv_prog_cc_g=yes
ac_cv_prog_cc_gcc_c_o=yes
ac_cv_prog_cxx_g=yes
ac_cv_prog_make_make_set=yes
am_cv_CC_dependencies_compiler_type=gcc3
am_cv_CXX_dependencies_compiler_type=gcc3
am_cv_val_LC_MESSAGES=yes
gt_cv_func_dgettext_libc=yes
gt_cv_func_dgettext_libintl=no
gt_cv_func_ngettext_libc=yes
gt_cv_have_gettext=yes
pkg_cv_ALSA_CFLAGS='-I/usr/include/alsa  '
pkg_cv_ALSA_LIBS='-lasound  '
pkg_cv_GLIB_CFLAGS='-pthread -I/usr/include/glib-2.0 -I/usr/lib/x86_64-linux-gnu/glib-2.0/include  '
pkg_cv_GLIB_LIBS='-pthread -lgthread-2.0 -lrt -lgobject-2.0 -lglib-2.0  '
pkg_cv_GTK_CFLAGS='-pthread -I/usr/include/gtk-2.0 -I/usr/lib/x86_64-linux-gnu/gtk-2.0/include -I/usr/include/atk-1.0 -I/usr/include/cairo -I/usr/include/gdk-pixbuf-2.0 -I/usr/include/pango-1.0 -I/usr/include/gio-unix-2.0/ -I/usr/include/glib-2.0 -I/usr/lib/x86_64-linux-gnu/glib-2.0/include -I/usr/include/pixman-1 -I/usr/include/freetype2 -I/usr/include/libpng12  '
pkg_cv_GTK_LIBS='-lgtk-x11-2.0 -lgdk-x11-2.0 -latk-1.0 -lgio-2.0 -lpangoft2-1.0 -lpangocairo-1.0 -lgdk_pixbuf-2.0 -lcairo -lpango-1.0 -lfreetype -lfontconfig -lgobject-2.0 -lglib-2.0  '
pkg_cv_LIBPNG_CFLAGS='-I/usr/include/libpng12  '
pkg_cv_LIBPNG_LIBS='-lpng12  '
pkg_cv_LIBXML_CFLAGS='-I/usr/include/libxml2  '
pkg_cv_LIBXML_LIBS='-lxml2  '
pkg_cv_PULSEAUDIO_CFLAGS='-D_REENTRANT  '
pkg_cv_PULSEAUDIO_LIBS='-lpulse-simple -lpulse  '
pkg_cv_SDL_CFLAGS='-D_GNU_SOURCE=1 -D_REENTRANT -I/usr/include/SDL  '
pkg_cv_SDL_LIBS='-lSDL  '

## ----------------- ##
## Output variables. ##
## ----------------- ##

ACLOCAL='${SHELL} /usr/src/snes3d/snes9x-1.53-src/gtk/missing --run aclocal-1.11'
ALL_LINGUAS=''
ALSA_CFLAGS='-I/usr/include/alsa  '
ALSA_FALSE='#'
ALSA_LIBS='-lasound  '
ALSA_TRUE=''
AMDEPBACKSLASH='\'
AMDEP_FALSE='#'
AMDEP_TRUE=''
AMTAR='${SHELL} /usr/src/snes3d/snes9x-1.53-src/gtk/missing --run tar'
AM_BACKSLASH='\'
AM_DEFAULT_VERBOSITY='0'
ASMCPU_FALSE=''
ASMCPU_TRUE='#'
AUTOCONF='${SHELL} /usr/src/snes3d/snes9x-1.53-src/gtk/missing --run autoconf'
AUTOHEADER='${SHELL} /usr/src/snes3d/snes9x-1.53-src/gtk/missing --run autoheader'
AUTOMAKE='${SHELL} /usr/src/snes3d/snes9x-1.53-src/gtk/missing --run automake-1.11'
AWK='gawk'
CATALOGS=''
CATOBJEXT='.gmo'
CC='gcc'
CCDEPMODE='depmode=gcc3'
CFLAGS='-Os -pipe -Wall -W -pedantic -Wno-unused-parameter -fomit-frame-pointer -DUSE_JOYSTICK -DUSE_OSS -DUSE_ALSA -DUSE_PULSEAUDIO -DHAVE_LIBPNG -DUSE_HQ2X -pthread -I/usr/include/gtk-2.0 -I/usr/lib/x86_64-linux-gnu/gtk-2.0/include -I/usr/include/atk-1.0 -I/usr/include/cairo -I/usr/include/gdk-pixbuf-2.0 -I/usr/include/pango-1.0 -I/usr/include/gio-unix-2.0/ -I/usr/include/glib-2.0 -I/usr/lib/x86_64-linux-gnu/glib-2.0/include -I/usr/include/pixman-1 -I/usr/include/freetype2 -I/usr/include/libpng12   -pthread -I/usr/include/glib-2.0 -I/usr/lib/x86_64-linux-gnu/glib-2.0/include   -I/usr/include/libxml2    -I/usr/include/libpng12   -D_GNU_SOURCE=1 -D_REENTRANT -I/usr/include/SDL     -I/usr/include/alsa   -D_REENTRANT   -DCORRECT_VRAM_READS -DSDD1_DECOMP -DNETPLAY_SUPPORT -DJMA_SUPPORT -DNEW_COLOUR_BLENDING -DZLIB -DHAVE_MKSTEMP -DHAVE_STRINGS_H -DHAVE_SYS_IOCTL_H -DHAVE_STDINT_H -DPTR_NOT_INT -DRIGHTSHIFT_int8_IS_SAR -DRIGHTSHIFT_int16_IS_SAR -DRIGHTSHIFT_int32_IS_SAR -DRIGHTSHIFT_int64_IS_SAR -DRIGHTSHIFT_IS_SAR -DCPU_SHUTDOWN -DSPC700_SHUTDOWN -DNO_INLINE_SET_GET -DUNZIP_SUPPORT -DSPC700_C -I. -I.. -I../unzip'
CPPFLAGS=''
CXX='g++'
CXXCPP='g++ -E'
CXXDEPMODE='depmode=gcc3'
CXXFLAGS='-Os -pipe -Wall -W -pedantic -Wno-unused-parameter -fomit-frame-pointer -DUSE_JOYSTICK -DUSE_OSS -DUSE_ALSA -DUSE_PULSEAUDIO -DHAVE_LIBPNG -DUSE_HQ2X -pthread -I/usr/include/gtk-2.0 -I/usr/lib/x86_64-linux-gnu/gtk-2.0/include -I/usr/include/atk-1.0 -I/usr/include/cairo -I/usr/include/gdk-pixbuf-2.0 -I/usr/include/pango-1.0 -I/usr/include/gio-unix-2.0/ -I/usr/include/glib-2.0 -I/usr/lib/x86_64-linux-gnu/glib-2.0/include -I/usr/include/pixman-1 -I/usr/include/freetype2 -I/usr/include/libpng12   -pthread -I/usr/include/glib-2.0 -I/usr/lib/x86_64-linux-gnu/glib-2.0/include   -I/usr/include/libxml2    -I/usr/include/libpng12   -D_GNU_SOURCE=1 -D_REENTRANT -I/usr/include/SDL     -I/usr/include/alsa   -D_REENTRANT   -DCORRECT_VRAM_READS -DSDD1_DECOMP -DNETPLAY_SUPPORT -DJMA_SUPPORT -DNEW_COLOUR_BLENDING -DZLIB -DHAVE_MKSTEMP -DHAVE_STRINGS_H -DHAVE_SYS_IOCTL_H -DHAVE_STDINT_H -DPTR_NOT_INT -DRIGHTSHIFT_int8_IS_SAR -DRIGHTSHIFT_int16_IS_SAR -DRIGHTSHIFT_int32_IS_SAR -DRIGHTSHIFT_int64_IS_SAR -DRIGHTSHIFT_IS_SAR -DCPU_SHUTDOWN -DSPC700_SHUTDOWN -DNO_INLINE_SET_GET -DUNZIP_SUPPORT -DSPC700_C -I. -I.. -I../unzip'
CYGPATH_W='echo'
DATADIRNAME='share'
DEBUG_FALSE=''
DEBUG_TRUE='#'
DEFS='-DPACKAGE_NAME=\"snes9x-gtk\" -DPACKAGE_TARNAME=\"snes9x-gtk\" -DPACKAGE_VERSION=\"1.53\" -DPACKAGE_STRING=\"snes9x-gtk\ 1.53\" -DPACKAGE_BUGREPORT=\"\" -DPACKAGE_URL=\"\" -DPACKAGE=\"snes9x-gtk\" -DVERSION=\"1.53\" -DGETTEXT_PACKAGE=\"snes9x-gtk\" -DSTDC_HEADERS=1 -DHAVE_SYS_TYPES_H=1 -DHAVE_SYS_STAT_H=1 -DHAVE_STDLIB_H=1 -DHAVE_STRING_H=1 -DHAVE_MEMORY_H=1 -DHAVE_STRINGS_H=1 -DHAVE_INTTYPES_H=1 -DHAVE_STDINT_H=1 -DHAVE_UNISTD_H=1 -DHAVE_LOCALE_H=1 -DHAVE_LC_MESSAGES=1 -DHAVE_BIND_TEXTDOMAIN_CODESET=1 -DHAVE_GETTEXT=1 -DHAVE_DCGETTEXT=1 -DENABLE_NLS=1 -DHAVE_ZLIB_H=1'
DEPDIR='.deps'
ECHO_C=''
ECHO_N='-n'
ECHO_T=''
EGREP='/bin/grep -E'
EXEEXT=''
GETTEXT_PACKAGE='snes9x-gtk'
GLIB_CFLAGS='-pthread -I/usr/include/glib-2.0 -I/usr/lib/x86_64-linux-gnu/glib-2.0/include  '
GLIB_LIBS='-pthread -lgthread-2.0 -lrt -lgobject-2.0 -lglib-2.0  '
GMOFILES=''
GMSGFMT='/usr/bin/msgfmt'
GREP='/bin/grep'
GTK_CFLAGS='-pthread -I/usr/include/gtk-2.0 -I/usr/lib/x86_64-linux-gnu/gtk-2.0/include -I/usr/include/atk-1.0 -I/usr/include/cairo -I/usr/include/gdk-pixbuf-2.0 -I/usr/include/pango-1.0 -I/usr/include/gio-unix-2.0/ -I/usr/include/glib-2.0 -I/usr/lib/x86_64-linux-gnu/glib-2.0/include -I/usr/include/pixman-1 -I/usr/include/freetype2 -I/usr/include/libpng12  '
GTK_LIBS='-lgtk-x11-2.0 -lgdk-x11-2.0 -latk-1.0 -lgio-2.0 -lpangoft2-1.0 -lpangocairo-1.0 -lgdk_pixbuf-2.0 -lcairo -lpango-1.0 -lfreetype -lfontconfig -lgobject-2.0 -lglib-2.0  '
HQ2X_FALSE='#'
HQ2X_TRUE=''
INSTALL_DATA='${INSTALL} -m 644'
INSTALL_PROGRAM='${INSTALL}'
INSTALL_SCRIPT='${INSTALL}'
INSTALL_STRIP_PROGRAM='$(install_sh) -c -s'
INSTOBJEXT='.mo'
INTLLIBS=''
INTLTOOL_CAVES_RULE='%.caves:     %.caves.in     $(INTLTOOL_MERGE) $(wildcard $(top_srcdir)/po/*.po) ; LC_ALL=C $(INTLTOOL_MERGE) -d -u -c $(top_builddir)/po/.intltool-merge-cache $(top_srcdir)/po $< $@'
INTLTOOL_DESKTOP_RULE='%.desktop:   %.desktop.in   $(INTLTOOL_MERGE) $(wildcard $(top_srcdir)/po/*.po) ; LC_ALL=C $(INTLTOOL_MERGE) -d -u -c $(top_builddir)/po/.intltool-merge-cache $(top_srcdir)/po $< $@'
INTLTOOL_DIRECTORY_RULE='%.directory: %.directory.in $(INTLTOOL_MERGE) $(wildcard $(top_srcdir)/po/*.po) ; LC_ALL=C $(INTLTOOL_MERGE) -d -u -c $(top_builddir)/po/.intltool-merge-cache $(top_srcdir)/po $< $@'
INTLTOOL_EXTRACT='/usr/bin/intltool-extract'
INTLTOOL_KBD_RULE='%.kbd:       %.kbd.in       $(INTLTOOL_MERGE) $(wildcard $(top_srcdir)/po/*.po) ; LC_ALL=C $(INTLTOOL_MERGE) -x -u -m -c $(top_builddir)/po/.intltool-merge-cache $(top_srcdir)/po $< $@'
INTLTOOL_KEYS_RULE='%.keys:      %.keys.in      $(INTLTOOL_MERGE) $(wildcard $(top_srcdir)/po/*.po) ; LC_ALL=C $(INTLTOOL_MERGE) -k -u -c $(top_builddir)/po/.intltool-merge-cache $(top_srcdir)/po $< $@'
INTLTOOL_MERGE='/usr/bin/intltool-merge'
INTLTOOL_OAF_RULE='%.oaf:       %.oaf.in       $(INTLTOOL_MERGE) $(wildcard $(top_srcdir)/po/*.po) ; LC_ALL=C $(INTLTOOL_MERGE) -o -p $(top_srcdir)/po $< $@'
INTLTOOL_PERL='/usr/bin/perl'
INTLTOOL_POLICY_RULE='%.policy:    %.policy.in    $(INTLTOOL_MERGE) $(wildcard $(top_srcdir)/po/*.po) ; LC_ALL=C $(INTLTOOL_MERGE) -x -u -c $(top_builddir)/po/.intltool-merge-cache $(top_srcdir)/po $< $@'
INTLTOOL_PONG_RULE='%.pong:      %.pong.in      $(INTLTOOL_MERGE) $(wildcard $(top_srcdir)/po/*.po) ; LC_ALL=C $(INTLTOOL_MERGE) -x -u -c $(top_builddir)/po/.intltool-merge-cache $(top_srcdir)/po $< $@'
INTLTOOL_PROP_RULE='%.prop:      %.prop.in      $(INTLTOOL_MERGE) $(wildcard $(top_srcdir)/po/*.po) ; LC_ALL=C $(INTLTOOL_MERGE) -d -u -c $(top_builddir)/po/.intltool-merge-cache $(top_srcdir)/po $< $@'
INTLTOOL_SCHEMAS_RULE='%.schemas:   %.schemas.in   $(INTLTOOL_MERGE) $(wildcard $(top_srcdir)/po/*.po) ; LC_ALL=C $(INTLTOOL_MERGE) -s -u -c $(top_builddir)/po/.intltool-merge-cache $(top_srcdir)/po $< $@'
INTLTOOL_SERVER_RULE='%.server:    %.server.in    $(INTLTOOL_MERGE) $(wildcard $(top_srcdir)/po/*.po) ; LC_ALL=C $(INTLTOOL_MERGE) -o -u -c $(top_builddir)/po/.intltool-merge-cache $(top_srcdir)/po $< $@'
INTLTOOL_SERVICE_RULE='%.service: %.service.in   $(INTLTOOL_MERGE) $(wildcard $(top_srcdir)/po/*.po) ; LC_ALL=C $(INTLTOOL_MERGE) -d -u -c $(top_builddir)/po/.intltool-merge-cache $(top_srcdir)/po $< $@'
INTLTOOL_SHEET_RULE='%.sheet:     %.sheet.in     $(INTLTOOL_MERGE) $(wildcard $(top_srcdir)/po/*.po) ; LC_ALL=C $(INTLTOOL_MERGE) -x -u -c $(top_builddir)/po/.intltool-merge-cache $(top_srcdir)/po $< $@'
INTLTOOL_SOUNDLIST_RULE='%.soundlist: %.soundlist.in $(INTLTOOL_MERGE) $(wildcard $(top_srcdir)/po/*.po) ; LC_ALL=C $(INTLTOOL_MERGE) -d -u -c $(top_builddir)/po/.intltool-merge-cache $(top_srcdir)/po $< $@'
INTLTOOL_THEME_RULE='%.theme:     %.theme.in     $(INTLTOOL_MERGE) $(wildcard $(top_srcdir)/po/*.po) ; LC_ALL=C $(INTLTOOL_MERGE) -d -u -c $(top_builddir)/po/.intltool-merge-cache $(top_srcdir)/po $< $@'
INTLTOOL_UI_RULE='%.ui:        %.ui.in        $(INTLTOOL_MERGE) $(wildcard $(top_srcdir)/po/*.po) ; LC_ALL=C $(INTLTOOL_MERGE) -x -u -c $(top_builddir)/po/.intltool-merge-cache $(top_srcdir)/po $< $@'
INTLTOOL_UPDATE='/usr/bin/intltool-update'
INTLTOOL_XAM_RULE='%.xam:       %.xml.in       $(INTLTOOL_MERGE) $(wildcard $(top_srcdir)/po/*.po) ; LC_ALL=C $(INTLTOOL_MERGE) -x -u -c $(top_builddir)/po/.intltool-merge-cache $(top_srcdir)/po $< $@'
INTLTOOL_XML_NOMERGE_RULE='%.xml:       %.xml.in       $(INTLTOOL_MERGE) ; LC_ALL=C $(INTLTOOL_MERGE) -x -u /tmp $< $@'
INTLTOOL_XML_RULE='%.xml:       %.xml.in       $(INTLTOOL_MERGE) $(wildcard $(top_srcdir)/po/*.po) ; LC_ALL=C $(INTLTOOL_MERGE) -x -u -c $(top_builddir)/po/.intltool-merge-cache $(top_srcdir)/po $< $@'
JMA_FALSE='#'
JMA_TRUE=''
LDFLAGS=''
LIBOBJS=''
LIBPNG_CFLAGS='-I/usr/include/libpng12  '
LIBPNG_LIBS='-lpng12  '
LIBS=' -lX11 -ldl -lXext -lgtk-x11-2.0 -lgdk-x11-2.0 -latk-1.0 -lgio-2.0 -lpangoft2-1.0 -lpangocairo-1.0 -lgdk_pixbuf-2.0 -lcairo -lpango-1.0 -lfreetype -lfontconfig -lgobject-2.0 -lglib-2.0   -pthread -lgthread-2.0 -lrt -lgobject-2.0 -lglib-2.0   -lxml2    -lpng12   -lSDL     -lasound   -lpulse-simple -lpulse   -lz'
LIBXML_CFLAGS='-I/usr/include/libxml2  '
LIBXML_LIBS='-lxml2  '
LTLIBOBJS=''
MAKEINFO='${SHELL} /usr/src/snes3d/snes9x-1.53-src/gtk/missing --run makeinfo'
MKDIR_P='/bin/mkdir -p'
MKINSTALLDIRS='./mkinstalldirs'
MSGFMT='/usr/bin/msgfmt'
MSGFMT_OPTS='-c'
MSGMERGE='/usr/bin/msgmerge'
NASM='not_found'
NASM_FLAGS=''
NETPLAY_FALSE='#'
NETPLAY_TRUE=''
OBJEXT='o'
OPENGL_FALSE=''
OPENGL_TRUE='#'
OSS_FALSE='#'
OSS_TRUE=''
PACKAGE='snes9x-gtk'
PACKAGE_BUGREPORT=''
PACKAGE_NAME='snes9x-gtk'
PACKAGE_STRING='snes9x-gtk 1.53'
PACKAGE_TARNAME='snes9x-gtk'
PACKAGE_URL=''
PACKAGE_VERSION='1.53'
PATH_SEPARATOR=':'
PKG_CONFIG='/usr/bin/pkg-config'
PKG_CONFIG_LIBDIR=''
PKG_CONFIG_PATH=''
POFILES=''
PORTAUDIO_CFLAGS=''
PORTAUDIO_FALSE=''
PORTAUDIO_LIBS=''
PORTAUDIO_TRUE='#'
POSUB='po'
PO_IN_DATADIR_FALSE=''
PO_IN_DATADIR_TRUE=''
PULSEAUDIO_CFLAGS='-D_REENTRANT  '
PULSEAUDIO_FALSE='#'
PULSEAUDIO_LIBS='-lpulse-simple -lpulse  '
PULSEAUDIO_TRUE=''
RANLIB='ranlib'
SDD1_DECOMP_FALSE='#'
SDD1_DECOMP_TRUE=''
SDLCONFIGFOUND=''
SDL_CFLAGS='-D_GNU_SOURCE=1 -D_REENTRANT -I/usr/include/SDL  '
SDL_FALSE='#'
SDL_LIBS='-lSDL  '
SDL_TRUE=''
SET_MAKE=''
SHELL='/bin/bash'
STRIP=''
USE_NLS='yes'
VERSION='1.53'
XGETTEXT='/usr/bin/xgettext'
XRANDR_CFLAGS=''
XRANDR_LIBS=''
XV_CFLAGS=''
XV_FALSE=''
XV_LIBS=''
XV_TRUE='#'
ZSNESC4_FALSE=''
ZSNESC4_TRUE='#'
ZSNESFX_FALSE=''
ZSNESFX_TRUE='#'
ac_ct_CC='gcc'
ac_ct_CXX='g++'
am__EXEEXT_FALSE=''
am__EXEEXT_TRUE='#'
am__fastdepCC_FALSE='#'
am__fastdepCC_TRUE=''
am__fastdepCXX_FALSE='#'
am__fastdepCXX_TRUE=''
am__include='include'
am__isrc=''
am__leading_dot='.'
am__quote=''
am__tar='${AMTAR} chof - "$$tardir"'
am__untar='${AMTAR} xf -'
bindir='${exec_prefix}/bin'
build_alias=''
datadir='${datarootdir}'
datarootdir='${prefix}/share'
docdir='${datarootdir}/doc/${PACKAGE_TARNAME}'
dvidir='${docdir}'
exec_prefix='${prefix}'
host_alias=''
htmldir='${docdir}'
includedir='${prefix}/include'
infodir='${datarootdir}/info'
install_sh='${SHELL} /usr/src/snes3d/snes9x-1.53-src/gtk/install-sh'
libdir='${exec_prefix}/lib'
libexecdir='${exec_prefix}/libexec'
localedir='${datarootdir}/locale'
localstatedir='${prefix}/var'
mandir='${datarootdir}/man'
mkdir_p='/bin/mkdir -p'
oldincludedir='/usr/include'
pdfdir='${docdir}'
prefix='/usr/local'
program_transform_name='s,x,x,'
psdir='${docdir}'
sbindir='${exec_prefix}/sbin'
sharedstatedir='${prefix}/com'
snes9xlocaledir='${prefix}/${DATADIRNAME}/locale'
sysconfdir='${prefix}/etc'
target_alias=''

## ----------- ##
## confdefs.h. ##
## ----------- ##

/* confdefs.h */
#define PACKAGE_NAME "snes9x-gtk"
#define PACKAGE_TARNAME "snes9x-gtk"
#define PACKAGE_VERSION "1.53"
#define PACKAGE_STRING "snes9x-gtk 1.53"
#define PACKAGE_BUGREPORT ""
#define PACKAGE_URL ""
#define PACKAGE "snes9x-gtk"
#define VERSION "1.53"
#define GETTEXT_PACKAGE "snes9x-gtk"
#define STDC_HEADERS 1
#define HAVE_SYS_TYPES_H 1
#define HAVE_SYS_STAT_H 1
#define HAVE_STDLIB_H 1
#define HAVE_STRING_H 1
#define HAVE_MEMORY_H 1
#define HAVE_STRINGS_H 1
#define HAVE_INTTYPES_H 1
#define HAVE_STDINT_H 1
#define HAVE_UNISTD_H 1
#define HAVE_LOCALE_H 1
#define HAVE_LC_MESSAGES 1
#define HAVE_BIND_TEXTDOMAIN_CODESET 1
#define HAVE_GETTEXT 1
#define HAVE_DCGETTEXT 1
#define ENABLE_NLS 1
#define HAVE_ZLIB_H 1

configure: exit 0
